<?xml version="1.0" encoding="UTF-8"?>
<!-- Generated by org.testng.reporters.JUnitReportReporter -->
<testsuite skipped="0" hostname="DESKTOP-AP8LOSU" name="SelPackage.loginTest" tests="1" failures="0" timestamp="2023-04-23T16:00:56 IST" time="90.489" errors="0">
  <testcase name="login" time="90.489" classname="SelPackage.loginTest"/>
  <system-out/>
</testsuite> <!-- SelPackage.loginTest -->
